<?xml version="1.0" encoding="UTF-8"?>
<!-- Generated by org.testng.reporters.JUnitReportReporter -->
<testsuite skipped="0" hostname="NSWSYDNLP224" name="Testchallenge.HomePageTest" tests="1" failures="0" timestamp="21 Oct 2019 03:31:40 GMT" time="76.454" errors="0">
  <testcase name="step1" time="76.454" classname="Testchallenge.HomePageTest"/>
</testsuite> <!-- Testchallenge.HomePageTest -->
